Build Plutonium T4 Singleplayer (r3755)
logfile opened on 12/08/23 18:21:15 -0800
map_rotate...

"sv_mapRotation" is:"map nazi_zombie_asylum"

"sv_mapRotationCurrent" is:""

Setting map: nazi_zombie_asylum.
g_gametype cmp is not a valid gametype, defaulting to dm
Database: Assets Sync Started
Database: Assets Sync Finished
------ Server Initialization ------
Server: nazi_zombie_asylum
Database: Assets Sync Started
Database: Assets Sync Finished
Database: Assets Sync Started
Database: Assets Sync Finished
Unloaded fastfile plutonium_ui
PMem_Free( plutonium_ui, 0 )
Loading fastfile localized_nazi_zombie_asylum
Database: Assets Sync Started
Loading fastfile 'localized_nazi_zombie_asylum'
used 0.68 MB memory in DB alloc
Database: Assets Sync Finished
Loading fastfile nazi_zombie_asylum_patch
Database: Assets Sync Started
Loading fastfile 'nazi_zombie_asylum_patch'
used 0.92 MB memory in DB alloc
Database: Assets Sync Finished
Loading fastfile nazi_zombie_asylum
Loading fastfile 'nazi_zombie_asylum'
used 105.09 MB memory in DB alloc
Waited 319 msec for asset 'maps/nazi_zombie_asylum.d3dbsp' of type 'col_map_mp'.
----------------------
Game: G_SetupWeaponDef
----------------------
Waited 369 msec for asset 'weap_bar_fire' of type 'sound'.
animscripts/traverse/wall_hop_zombieLoading script scripts/sp/callbacks.gsc...
Script scripts/sp/callbacks.gsc loaded successfully.
Loading script scripts/sp/zm_spawn_fix.gsc...
Script scripts/sp/zm_spawn_fix.gsc loaded successfully.
Error: Could not load xanim "ai_flamethrower_crouch_pain".
Error: Could not load xanim "ai_flamethrower_stand_pain".
Error: Could not load xanim "ai_flamethrower_wounded_stand_leg".
Error: Could not load xanim "ai_flamethrower_wounded_stand_head".
Error: Could not load xanim "ai_flamethrower_wounded_stand_chest".
Error: Could not load xanim "ai_flamethrower_wounded_stand_arm".
Error: Could not load xanim "ai_bonzai_buddy_fail_rear".
Error: Could not load xanim "ai_bonzai_buddy_fail_front".
Error: Could not load xanim "ai_bonzai_enemy_fail_rear".
Error: Could not load xanim "ai_bonzai_enemy_fail_right".
Error: Could not load xanim "ai_bonzai_enemy_fail_left".
Error: Could not load xanim "ai_bonzai_enemy_fail_front".
Error: Could not load xanim "ai_flamethrower_crouch_death".
Error: Could not load xanim "ai_flamethrower_stand_death".
Error: Could not load xanim "ai_flamethrower_death_b".
Error: Could not load xanim "ai_bonzai_enemy_attack_player_success".
Error: Could not load xanim "ai_bonzai_enemy_attack_player_fail".
Error: Could not load xanim "ai_bonzai_enemy_attack_player_intro".
Error: Could not load xanim "ai_bonzai_enemy_attack_player".
Error: Could not load xanim "ai_bonzai_enemy_attack_player_impact".
Error: Could not load xanim "ai_bonzai_enemy_success_rear".
Error: Could not load xanim "ai_bonzai_enemy_success_front".
Error: Could not load xanim "ai_bonzai_buddy_success_rear".
Error: Could not load xanim "ai_bonzai_buddy_success_right".
Error: Could not load xanim "ai_bonzai_buddy_success_left".
Error: Could not load xanim "ai_bonzai_buddy_success_front".
Error: Could not load xanim "ai_flamethrower_stand_2_crouch".
Error: Could not load xanim "ai_flamethrower_crouch_2_stand".
Error: Could not load xanim "ai_flamethrower_crouch_turn90r".
Error: Could not load xanim "ai_flamethrower_crouch_turn90l".
Error: Could not load xanim "ai_flamethrower_turn180".
Error: Could not load xanim "ai_flamethrower_turn135r".
Error: Could not load xanim "ai_flamethrower_turn135l".
Error: Could not load xanim "ai_flamethrower_turn90r".
Error: Could not load xanim "ai_flamethrower_turn90l".
Error: Could not load xanim "ai_flamethrower_turn45r".
Error: Could not load xanim "ai_flamethrower_turn45l".
Error: Could not load xanim "ai_flamethrower_crouch_aim_5".
Error: Could not load xanim "ai_flamethrower_aim_5".
Error: Could not load xanim "ai_flamethrower_crouch_idle_a_alert_v1".
Error: Could not load xanim "ai_flamethrower_stand_idle_alert_v1".
Error: Could not load xanim "ai_flamethrower_crouch_aim_8".
Error: Could not load xanim "ai_flamethrower_aim_8".
Error: Could not load xanim "ai_flamethrower_crouch_aim_2".
Error: Could not load xanim "ai_flamethrower_aim_2".
Error: Could not load xanim "ai_flamethrower_crouch_aim_6".
Error: Could not load xanim "ai_flamethrower_aim_6".
Error: Could not load xanim "ai_flamethrower_crouch_aim_4".
Error: Could not load xanim "ai_flamethrower_aim_4".
Error: Could not load xanim "ai_mg_shoulder_run".
Error: Could not load xanim "ai_bonzai_sprint_d".
Error: Could not load xanim "ai_bonzai_sprint_c".
Error: Could not load xanim "ai_bonzai_sprint_b".
Error: Could not load xanim "ai_bonzai_sprint_a".
Error: Could not load xanim "ai_flamethrower_combatrun_c".
Error: Could not load xanim "ai_flamethrower_crouch_twitch".
Error: Could not load xanim "ai_flamethrower_crouch_idle_b".
Error: Could not load xanim "ai_flamethrower_crouch_idle_a".
Error: Could not load xanim "ai_flamethrower_stand_twitch".
Error: Could not load xanim "ai_flamethrower_stand_idle_casual_v1".
Error: Could not load xanim "ai_mg_shoulder_run2crouch".
Error: Could not load xanim "ai_mg_shoulder_crouch_idle".
Error: Could not load xanim "ai_mg_shoulder_run2stand".
Error: Could not load xanim "ai_mg_shoulder_stand_idle".
Error: Could not load xanim "ai_flame_crouch_fire_center".
Error: Could not load xanim "ai_flame_fire_center".
Error: Could not load xanim "void_loop".
Error: Could not load xanim "int_bonzai_attack_player_success".
Error: Could not load xanim "int_bonzai_attack_player_fail".
Error: Could not load xanim "int_bonzai_attack_player_intro".
Error: Could not load xanim "int_bonzai_attack_player".
Error: Could not load xanim "int_bonzai_attack_player_impact".
Error: Could not load xanim "v_opelblitz_flattire_rf".
Error: Could not load xanim "v_opelblitz_flattire_rb".
Error: Could not load xanim "v_opelblitz_flattire_lf".
Error: Could not load xanim "v_opelblitz_flattire_lb".
Error: Could not load xanim "v_opelblitz_explode".
Error: Could not load xanim "p_makinraid_hatch".
Error: Could not load xanim "crew_sherman_passenger9_combatidle_player".
Error: Could not load xanim "crew_sherman_passenger8_combatidle_player".
Error: Could not load xanim "crew_lvt4_peleliu1_character9_player".
Error: Could not load xanim "crew_lvt4_peleliu1_character5_player".
Error: Could not load xanim "crew_lvt4_peleliu1_character4_player".
Error: Could not load xanim "p_flak1_tag2_idle".
Error: Could not load xanim "pb_prone_crawl_right_hold_satchel".
Error: Could not load xanim "pb_prone_crawl_left_hold_satchel".
Error: Could not load xanim "pb_prone_crawl_back_hold_satchel".
Error: Could not load xanim "pb_prone_crawl_hold_satchel".
Error: Could not load xanim "pb_crouch_hold_run_right_satchel".
Error: Could not load xanim "pb_crouch_hold_run_left_satchel".
Error: Could not load xanim "pb_crouch_hold_run_back_satchel".
Error: Could not load xanim "pb_crouch_hold_run_satchel".
Error: Could not load xanim "pb_hold_run_left_satchel".
Error: Could not load xanim "pb_hold_run_right_satchel".
Error: Could not load xanim "pb_hold_run_back_satchel".
Error: Could not load xanim "pb_hold_run_satchel".
Error: Could not load xanim "pb_sprint_hold_satchel".
Error: Could not load xanim "pb_crouch_hold_idle_satchel".
Error: Could not load xanim "pb_hold_idle_satchel".
Error: Could not load xanim "pb_prone_hold_satchel".
Error: Could not load xanim "pt_hold_prone_throw_satchel".
Error: Could not load xanim "pt_hold_throw_satchel".
ERROR: Pathnode (Path) at (648 -976 66.4) is in solid
Spawner at (-546.1 1241.6 73.8) is in solid
Spawner at (-1071.9 566.2 218.6) is in solid
Spawner at (-1032.9 640.7 218.6) is in solid
------- Game Initialization -------
gamename: Plutonium T4 Singleplayer (r3755)
gamedate: Nov 30 2023
Initializing game at 12/08/23 18:21:16 -0800
Current uptime: 00:00:07
-----------------------------------
Stielhandgranate: WEAPON_FRAGGRENADE
WARNING: unknown dvar 'bg_shock_volume_full_vol' in file 'shock/electrocution.shock'
WARNING: unknown dvar 'bg_shock_volume_music' in file 'shock/electrocution.shock'
WARNING: unknown dvar 'bg_shock_volume_ambience' in file 'shock/electrocution.shock'
WARNING: unknown dvar 'bg_shock_volume_voice' in file 'shock/electrocution.shock'
WARNING: unknown dvar 'bg_shock_volume_pis_1st' in file 'shock/electrocution.shock'
WARNING: unknown dvar 'bg_shock_volume_pis_3rd' in file 'shock/electrocution.shock'
WARNING: unknown dvar 'bg_shock_volume_smg_1st' in file 'shock/electrocution.shock'
WARNING: unknown dvar 'bg_shock_volume_smg_3rd' in file 'shock/electrocution.shock'
WARNING: unknown dvar 'bg_shock_volume_rfl_1st' in file 'shock/electrocution.shock'
WARNING: unknown dvar 'bg_shock_volume_rfl_3rd' in file 'shock/electrocution.shock'
WARNING: unknown dvar 'bg_shock_volume_decay' in file 'shock/electrocution.shock'
WARNING: unknown dvar 'bg_shock_volume_projectile' in file 'shock/electrocution.shock'
WARNING: unknown dvar 'bg_shock_volume_explosion' in file 'shock/electrocution.shock'
WARNING: unknown dvar 'bg_shock_volume_vehicle' in file 'shock/electrocution.shock'
WARNING: unknown dvar 'bg_shock_volume_character' in file 'shock/electrocution.shock'
WARNING: unknown dvar 'bg_shock_volume_physics' in file 'shock/electrocution.shock'
WARNING: unknown dvar 'bg_shock_volume_hvy_wpn' in file 'shock/electrocution.shock'
WARNING: unknown dvar 'bg_shock_volume_ui' in file 'shock/electrocution.shock'
Notetrack-to-Sound: Weapon 'bipod_deploying' has bad entry; notetrack 'hideTags' doesn't have a corresponding sound.
bipod_deploying: WEAPON_HARDPOINT
zombie_perk_bottle_doubletap: WEAPON_ZOMBIE_PERK_BOTTLE
zombie_perk_bottle_jugg: WEAPON_ZOMBIE_PERK_BOTTLE
zombie_perk_bottle_revive: WEAPON_ZOMBIE_PERK_BOTTLE
zombie_perk_bottle_sleight: WEAPON_ZOMBIE_PERK_BOTTLE
Error: Could not load rawfile "shock/zombie_death.shock".
Error: couldn't open 'shock/zombie_death.shock'.
WARNING: unknown dvar 'bg_shock_volume_full_vol' in file 'shock/zombie_death.shock'
WARNING: unknown dvar 'bg_shock_volume_music' in file 'shock/zombie_death.shock'
WARNING: unknown dvar 'bg_shock_volume_ambience' in file 'shock/zombie_death.shock'
WARNING: unknown dvar 'bg_shock_volume_voice' in file 'shock/zombie_death.shock'
WARNING: unknown dvar 'bg_shock_volume_pis_1st' in file 'shock/zombie_death.shock'
WARNING: unknown dvar 'bg_shock_volume_pis_3rd' in file 'shock/zombie_death.shock'
WARNING: unknown dvar 'bg_shock_volume_smg_1st' in file 'shock/zombie_death.shock'
WARNING: unknown dvar 'bg_shock_volume_smg_3rd' in file 'shock/zombie_death.shock'
WARNING: unknown dvar 'bg_shock_volume_rfl_1st' in file 'shock/zombie_death.shock'
WARNING: unknown dvar 'bg_shock_volume_rfl_3rd' in file 'shock/zombie_death.shock'
WARNING: unknown dvar 'bg_shock_volume_decay' in file 'shock/zombie_death.shock'
WARNING: unknown dvar 'bg_shock_volume_projectile' in file 'shock/zombie_death.shock'
WARNING: unknown dvar 'bg_shock_volume_explosion' in file 'shock/zombie_death.shock'
WARNING: unknown dvar 'bg_shock_volume_vehicle' in file 'shock/zombie_death.shock'
WARNING: unknown dvar 'bg_shock_volume_character' in file 'shock/zombie_death.shock'
WARNING: unknown dvar 'bg_shock_volume_physics' in file 'shock/zombie_death.shock'
WARNING: unknown dvar 'bg_shock_volume_hvy_wpn' in file 'shock/zombie_death.shock'
WARNING: unknown dvar 'bg_shock_volume_ui' in file 'shock/zombie_death.shock'
WARNING: unknown dvar 'bg_shock_volume_full_vol' in file 'shock/level_end.shock'
WARNING: unknown dvar 'bg_shock_volume_music' in file 'shock/level_end.shock'
WARNING: unknown dvar 'bg_shock_volume_ambience' in file 'shock/level_end.shock'
WARNING: unknown dvar 'bg_shock_volume_voice' in file 'shock/level_end.shock'
WARNING: unknown dvar 'bg_shock_volume_pis_1st' in file 'shock/level_end.shock'
WARNING: unknown dvar 'bg_shock_volume_pis_3rd' in file 'shock/level_end.shock'
WARNING: unknown dvar 'bg_shock_volume_smg_1st' in file 'shock/level_end.shock'
WARNING: unknown dvar 'bg_shock_volume_smg_3rd' in file 'shock/level_end.shock'
WARNING: unknown dvar 'bg_shock_volume_rfl_1st' in file 'shock/level_end.shock'
WARNING: unknown dvar 'bg_shock_volume_rfl_3rd' in file 'shock/level_end.shock'
WARNING: unknown dvar 'bg_shock_volume_decay' in file 'shock/level_end.shock'
WARNING: unknown dvar 'bg_shock_volume_projectile' in file 'shock/level_end.shock'
WARNING: unknown dvar 'bg_shock_volume_explosion' in file 'shock/level_end.shock'
WARNING: unknown dvar 'bg_shock_volume_vehicle' in file 'shock/level_end.shock'
WARNING: unknown dvar 'bg_shock_volume_character' in file 'shock/level_end.shock'
WARNING: unknown dvar 'bg_shock_volume_physics' in file 'shock/level_end.shock'
WARNING: unknown dvar 'bg_shock_volume_hvy_wpn' in file 'shock/level_end.shock'
WARNING: unknown dvar 'bg_shock_volume_ui' in file 'shock/level_end.shock'
WARNING: unknown dvar 'bg_shock_volume_full_vol' in file 'shock/default.shock'
WARNING: unknown dvar 'bg_shock_volume_music' in file 'shock/default.shock'
WARNING: unknown dvar 'bg_shock_volume_ambience' in file 'shock/default.shock'
WARNING: unknown dvar 'bg_shock_volume_voice' in file 'shock/default.shock'
WARNING: unknown dvar 'bg_shock_volume_pis_1st' in file 'shock/default.shock'
WARNING: unknown dvar 'bg_shock_volume_pis_3rd' in file 'shock/default.shock'
WARNING: unknown dvar 'bg_shock_volume_smg_1st' in file 'shock/default.shock'
WARNING: unknown dvar 'bg_shock_volume_smg_3rd' in file 'shock/default.shock'
WARNING: unknown dvar 'bg_shock_volume_rfl_1st' in file 'shock/default.shock'
WARNING: unknown dvar 'bg_shock_volume_rfl_3rd' in file 'shock/default.shock'
WARNING: unknown dvar 'bg_shock_volume_decay' in file 'shock/default.shock'
WARNING: unknown dvar 'bg_shock_volume_projectile' in file 'shock/default.shock'
WARNING: unknown dvar 'bg_shock_volume_explosion' in file 'shock/default.shock'
WARNING: unknown dvar 'bg_shock_volume_vehicle' in file 'shock/default.shock'
WARNING: unknown dvar 'bg_shock_volume_character' in file 'shock/default.shock'
WARNING: unknown dvar 'bg_shock_volume_physics' in file 'shock/default.shock'
WARNING: unknown dvar 'bg_shock_volume_hvy_wpn' in file 'shock/default.shock'
WARNING: unknown dvar 'bg_shock_volume_ui' in file 'shock/default.shock'
WARNING: unknown dvar 'bg_shock_volume_full_vol' in file 'shock/flashbang.shock'
WARNING: unknown dvar 'bg_shock_volume_music' in file 'shock/flashbang.shock'
WARNING: unknown dvar 'bg_shock_volume_ambience' in file 'shock/flashbang.shock'
WARNING: unknown dvar 'bg_shock_volume_voice' in file 'shock/flashbang.shock'
WARNING: unknown dvar 'bg_shock_volume_pis_1st' in file 'shock/flashbang.shock'
WARNING: unknown dvar 'bg_shock_volume_pis_3rd' in file 'shock/flashbang.shock'
WARNING: unknown dvar 'bg_shock_volume_smg_1st' in file 'shock/flashbang.shock'
WARNING: unknown dvar 'bg_shock_volume_smg_3rd' in file 'shock/flashbang.shock'
WARNING: unknown dvar 'bg_shock_volume_rfl_1st' in file 'shock/flashbang.shock'
WARNING: unknown dvar 'bg_shock_volume_rfl_3rd' in file 'shock/flashbang.shock'
WARNING: unknown dvar 'bg_shock_volume_decay' in file 'shock/flashbang.shock'
WARNING: unknown dvar 'bg_shock_volume_projectile' in file 'shock/flashbang.shock'
WARNING: unknown dvar 'bg_shock_volume_explosion' in file 'shock/flashbang.shock'
WARNING: unknown dvar 'bg_shock_volume_vehicle' in file 'shock/flashbang.shock'
WARNING: unknown dvar 'bg_shock_volume_character' in file 'shock/flashbang.shock'
WARNING: unknown dvar 'bg_shock_volume_physics' in file 'shock/flashbang.shock'
WARNING: unknown dvar 'bg_shock_volume_hvy_wpn' in file 'shock/flashbang.shock'
WARNING: unknown dvar 'bg_shock_volume_ui' in file 'shock/flashbang.shock'
WARNING: unknown dvar 'bg_shock_volume_full_vol' in file 'shock/dog_bite.shock'
WARNING: unknown dvar 'bg_shock_volume_music' in file 'shock/dog_bite.shock'
WARNING: unknown dvar 'bg_shock_volume_ambience' in file 'shock/dog_bite.shock'
WARNING: unknown dvar 'bg_shock_volume_voice' in file 'shock/dog_bite.shock'
WARNING: unknown dvar 'bg_shock_volume_pis_1st' in file 'shock/dog_bite.shock'
WARNING: unknown dvar 'bg_shock_volume_pis_3rd' in file 'shock/dog_bite.shock'
WARNING: unknown dvar 'bg_shock_volume_smg_1st' in file 'shock/dog_bite.shock'
WARNING: unknown dvar 'bg_shock_volume_smg_3rd' in file 'shock/dog_bite.shock'
WARNING: unknown dvar 'bg_shock_volume_rfl_1st' in file 'shock/dog_bite.shock'
WARNING: unknown dvar 'bg_shock_volume_rfl_3rd' in file 'shock/dog_bite.shock'
WARNING: unknown dvar 'bg_shock_volume_decay' in file 'shock/dog_bite.shock'
WARNING: unknown dvar 'bg_shock_volume_projectile' in file 'shock/dog_bite.shock'
WARNING: unknown dvar 'bg_shock_volume_explosion' in file 'shock/dog_bite.shock'
WARNING: unknown dvar 'bg_shock_volume_vehicle' in file 'shock/dog_bite.shock'
WARNING: unknown dvar 'bg_shock_volume_character' in file 'shock/dog_bite.shock'
WARNING: unknown dvar 'bg_shock_volume_physics' in file 'shock/dog_bite.shock'
WARNING: unknown dvar 'bg_shock_volume_hvy_wpn' in file 'shock/dog_bite.shock'
WARNING: unknown dvar 'bg_shock_volume_ui' in file 'shock/dog_bite.shock'
'0' is not a valid value for dvar 'bg_shock_viewKickPeriod'
  Domain is any number from 0.001 to 1000
WARNING: unknown dvar 'bg_shock_volume_full_vol' in file 'shock/pain.shock'
WARNING: unknown dvar 'bg_shock_volume_music' in file 'shock/pain.shock'
WARNING: unknown dvar 'bg_shock_volume_ambience' in file 'shock/pain.shock'
WARNING: unknown dvar 'bg_shock_volume_voice' in file 'shock/pain.shock'
WARNING: unknown dvar 'bg_shock_volume_pis_1st' in file 'shock/pain.shock'
WARNING: unknown dvar 'bg_shock_volume_pis_3rd' in file 'shock/pain.shock'
WARNING: unknown dvar 'bg_shock_volume_smg_1st' in file 'shock/pain.shock'
WARNING: unknown dvar 'bg_shock_volume_smg_3rd' in file 'shock/pain.shock'
WARNING: unknown dvar 'bg_shock_volume_rfl_1st' in file 'shock/pain.shock'
WARNING: unknown dvar 'bg_shock_volume_rfl_3rd' in file 'shock/pain.shock'
WARNING: unknown dvar 'bg_shock_volume_decay' in file 'shock/pain.shock'
WARNING: unknown dvar 'bg_shock_volume_projectile' in file 'shock/pain.shock'
WARNING: unknown dvar 'bg_shock_volume_explosion' in file 'shock/pain.shock'
WARNING: unknown dvar 'bg_shock_volume_vehicle' in file 'shock/pain.shock'
WARNING: unknown dvar 'bg_shock_volume_character' in file 'shock/pain.shock'
WARNING: unknown dvar 'bg_shock_volume_physics' in file 'shock/pain.shock'
WARNING: unknown dvar 'bg_shock_volume_hvy_wpn' in file 'shock/pain.shock'
WARNING: unknown dvar 'bg_shock_volume_ui' in file 'shock/pain.shock'
WARNING: unknown dvar 'bg_shock_volume_full_vol' in file 'shock/death.shock'
WARNING: unknown dvar 'bg_shock_volume_music' in file 'shock/death.shock'
WARNING: unknown dvar 'bg_shock_volume_ambience' in file 'shock/death.shock'
WARNING: unknown dvar 'bg_shock_volume_voice' in file 'shock/death.shock'
WARNING: unknown dvar 'bg_shock_volume_pis_1st' in file 'shock/death.shock'
WARNING: unknown dvar 'bg_shock_volume_pis_3rd' in file 'shock/death.shock'
WARNING: unknown dvar 'bg_shock_volume_smg_1st' in file 'shock/death.shock'
WARNING: unknown dvar 'bg_shock_volume_smg_3rd' in file 'shock/death.shock'
WARNING: unknown dvar 'bg_shock_volume_rfl_1st' in file 'shock/death.shock'
WARNING: unknown dvar 'bg_shock_volume_rfl_3rd' in file 'shock/death.shock'
WARNING: unknown dvar 'bg_shock_volume_decay' in file 'shock/death.shock'
WARNING: unknown dvar 'bg_shock_volume_projectile' in file 'shock/death.shock'
WARNING: unknown dvar 'bg_shock_volume_explosion' in file 'shock/death.shock'
WARNING: unknown dvar 'bg_shock_volume_vehicle' in file 'shock/death.shock'
WARNING: unknown dvar 'bg_shock_volume_character' in file 'shock/death.shock'
WARNING: unknown dvar 'bg_shock_volume_physics' in file 'shock/death.shock'
WARNING: unknown dvar 'bg_shock_volume_hvy_wpn' in file 'shock/death.shock'
WARNING: unknown dvar 'bg_shock_volume_ui' in file 'shock/death.shock'
WARNING: unknown dvar 'bg_shock_volume_full_vol' in file 'shock/explosion.shock'
WARNING: unknown dvar 'bg_shock_volume_music' in file 'shock/explosion.shock'
WARNING: unknown dvar 'bg_shock_volume_ambience' in file 'shock/explosion.shock'
WARNING: unknown dvar 'bg_shock_volume_voice' in file 'shock/explosion.shock'
WARNING: unknown dvar 'bg_shock_volume_pis_1st' in file 'shock/explosion.shock'
WARNING: unknown dvar 'bg_shock_volume_pis_3rd' in file 'shock/explosion.shock'
WARNING: unknown dvar 'bg_shock_volume_smg_1st' in file 'shock/explosion.shock'
WARNING: unknown dvar 'bg_shock_volume_smg_3rd' in file 'shock/explosion.shock'
WARNING: unknown dvar 'bg_shock_volume_rfl_1st' in file 'shock/explosion.shock'
WARNING: unknown dvar 'bg_shock_volume_rfl_3rd' in file 'shock/explosion.shock'
WARNING: unknown dvar 'bg_shock_volume_decay' in file 'shock/explosion.shock'
WARNING: unknown dvar 'bg_shock_volume_projectile' in file 'shock/explosion.shock'
WARNING: unknown dvar 'bg_shock_volume_explosion' in file 'shock/explosion.shock'
WARNING: unknown dvar 'bg_shock_volume_vehicle' in file 'shock/explosion.shock'
WARNING: unknown dvar 'bg_shock_volume_character' in file 'shock/explosion.shock'
WARNING: unknown dvar 'bg_shock_volume_physics' in file 'shock/explosion.shock'
WARNING: unknown dvar 'bg_shock_volume_hvy_wpn' in file 'shock/explosion.shock'
WARNING: unknown dvar 'bg_shock_volume_ui' in file 'shock/explosion.shock'
WARNING: unknown dvar 'bg_shock_volume_full_vol' in file 'shock/tank_mantle.shock'
WARNING: unknown dvar 'bg_shock_volume_music' in file 'shock/tank_mantle.shock'
WARNING: unknown dvar 'bg_shock_volume_ambience' in file 'shock/tank_mantle.shock'
WARNING: unknown dvar 'bg_shock_volume_voice' in file 'shock/tank_mantle.shock'
WARNING: unknown dvar 'bg_shock_volume_pis_1st' in file 'shock/tank_mantle.shock'
WARNING: unknown dvar 'bg_shock_volume_pis_3rd' in file 'shock/tank_mantle.shock'
WARNING: unknown dvar 'bg_shock_volume_smg_1st' in file 'shock/tank_mantle.shock'
WARNING: unknown dvar 'bg_shock_volume_smg_3rd' in file 'shock/tank_mantle.shock'
WARNING: unknown dvar 'bg_shock_volume_rfl_1st' in file 'shock/tank_mantle.shock'
WARNING: unknown dvar 'bg_shock_volume_rfl_3rd' in file 'shock/tank_mantle.shock'
WARNING: unknown dvar 'bg_shock_volume_decay' in file 'shock/tank_mantle.shock'
WARNING: unknown dvar 'bg_shock_volume_projectile' in file 'shock/tank_mantle.shock'
WARNING: unknown dvar 'bg_shock_volume_explosion' in file 'shock/tank_mantle.shock'
WARNING: unknown dvar 'bg_shock_volume_vehicle' in file 'shock/tank_mantle.shock'
WARNING: unknown dvar 'bg_shock_volume_character' in file 'shock/tank_mantle.shock'
WARNING: unknown dvar 'bg_shock_volume_physics' in file 'shock/tank_mantle.shock'
WARNING: unknown dvar 'bg_shock_volume_hvy_wpn' in file 'shock/tank_mantle.shock'
WARNING: unknown dvar 'bg_shock_volume_ui' in file 'shock/tank_mantle.shock'
'0' is not a valid value for dvar 'bg_shock_soundFadeInTime'
  Domain is any number from 0.001 to 1000
'0' is not a valid value for dvar 'bg_shock_soundFadeOutTime'
  Domain is any number from 0.001 to 1000
WARNING: unknown dvar 'bg_shock_volume_full_vol' in file 'shock/chaplincheat.shock'
WARNING: unknown dvar 'bg_shock_volume_music' in file 'shock/chaplincheat.shock'
WARNING: unknown dvar 'bg_shock_volume_ambience' in file 'shock/chaplincheat.shock'
WARNING: unknown dvar 'bg_shock_volume_voice' in file 'shock/chaplincheat.shock'
WARNING: unknown dvar 'bg_shock_volume_pis_1st' in file 'shock/chaplincheat.shock'
WARNING: unknown dvar 'bg_shock_volume_pis_3rd' in file 'shock/chaplincheat.shock'
WARNING: unknown dvar 'bg_shock_volume_smg_1st' in file 'shock/chaplincheat.shock'
WARNING: unknown dvar 'bg_shock_volume_smg_3rd' in file 'shock/chaplincheat.shock'
WARNING: unknown dvar 'bg_shock_volume_rfl_1st' in file 'shock/chaplincheat.shock'
WARNING: unknown dvar 'bg_shock_volume_rfl_3rd' in file 'shock/chaplincheat.shock'
WARNING: unknown dvar 'bg_shock_volume_decay' in file 'shock/chaplincheat.shock'
WARNING: unknown dvar 'bg_shock_volume_projectile' in file 'shock/chaplincheat.shock'
WARNING: unknown dvar 'bg_shock_volume_explosion' in file 'shock/chaplincheat.shock'
WARNING: unknown dvar 'bg_shock_volume_vehicle' in file 'shock/chaplincheat.shock'
WARNING: unknown dvar 'bg_shock_volume_character' in file 'shock/chaplincheat.shock'
WARNING: unknown dvar 'bg_shock_volume_physics' in file 'shock/chaplincheat.shock'
WARNING: unknown dvar 'bg_shock_volume_hvy_wpn' in file 'shock/chaplincheat.shock'
WARNING: unknown dvar 'bg_shock_volume_ui' in file 'shock/chaplincheat.shock'
napalmblob: WEAPON_SMOKE
napalmbloblight: WEAPON_SMOKE
syrette: WEAPON_SYRETTE
WARNING: unknown dvar 'bg_shock_volume_full_vol' in file 'shock/default.shock'
WARNING: unknown dvar 'bg_shock_volume_music' in file 'shock/default.shock'
WARNING: unknown dvar 'bg_shock_volume_ambience' in file 'shock/default.shock'
WARNING: unknown dvar 'bg_shock_volume_voice' in file 'shock/default.shock'
WARNING: unknown dvar 'bg_shock_volume_pis_1st' in file 'shock/default.shock'
WARNING: unknown dvar 'bg_shock_volume_pis_3rd' in file 'shock/default.shock'
WARNING: unknown dvar 'bg_shock_volume_smg_1st' in file 'shock/default.shock'
WARNING: unknown dvar 'bg_shock_volume_smg_3rd' in file 'shock/default.shock'
WARNING: unknown dvar 'bg_shock_volume_rfl_1st' in file 'shock/default.shock'
WARNING: unknown dvar 'bg_shock_volume_rfl_3rd' in file 'shock/default.shock'
WARNING: unknown dvar 'bg_shock_volume_decay' in file 'shock/default.shock'
WARNING: unknown dvar 'bg_shock_volume_projectile' in file 'shock/default.shock'
WARNING: unknown dvar 'bg_shock_volume_explosion' in file 'shock/default.shock'
WARNING: unknown dvar 'bg_shock_volume_vehicle' in file 'shock/default.shock'
WARNING: unknown dvar 'bg_shock_volume_character' in file 'shock/default.shock'
WARNING: unknown dvar 'bg_shock_volume_physics' in file 'shock/default.shock'
WARNING: unknown dvar 'bg_shock_volume_hvy_wpn' in file 'shock/default.shock'
WARNING: unknown dvar 'bg_shock_volume_ui' in file 'shock/default.shock'
Notetrack-to-Sound: Weapon 'falling_hands' has bad entry; notetrack 'hideTags' doesn't have a corresponding sound.
falling_hands: WEAPON_ZOMBIE_PERK_BOTTLE
Notetrack-to-Sound: Weapon 'molotov' has bad entry; notetrack 'hideTags' doesn't have a corresponding sound.
molotov: WEAPON_SMOKE
Notetrack-to-Sound: Weapon 'm8_white_smoke' has bad entry; notetrack 'hideTags' doesn't have a corresponding sound.
m8_white_smoke: WEAPON_SMOKE
mine_bouncing_betty: WEAPON_BETTY
-----------------------------------
Working directory: C:\Users\Brian\Desktop\zombieserver
Controller #0 signed in locally
CL_Live_StartPrivateParty() was called, calling Party_StopParty
Calling Party_StopParty() on lobby
Clearing migration data
Huffman Took 1 Milliseconds
Hitch warning: 7340 msec frame time
User with id 4493857 successfully authenticated.
Letting player with userid 4493857 into the server because the challenge verification completed successfully.
SV_DirectConnect()
Client 0 connecting with 133650 challenge ping from 192.168.1.254:28960
Not a lan address!
Got IV 155189248 from client!
Decryption of auth ticket failed.Server: Set client 0 pbguid to 4493857
Going from CS_FREE to CS_CONNECTED for  (num 0 guid 4493857)
Received packet 0 of stats data
Received packet 1 of stats data
Received packet 2 of stats data
Received packet 3 of stats data
Received packet 4 of stats data
Received packet 5 of stats data
Received packet 6 of stats data
SV_ClientNewClientState: newClientState 0 6
policeboytoy296 : dropped gamestate, resending
SV_ExecuteClientMessage: serverId: 16, client serverId: 0
SV_SendClientGameState() for policeboytoy296
Going from CS_CONNECTED to CS_CLIENTLOADING for policeboytoy296
--
DynEnt_WriteGameState wrote 2 bytes
--
Sending 29420 bytes in gamestate to client: 0
SV_ClientNewClientState: newClientState 0 9
Going from CS_CLIENTLOADING to CS_ACTIVE for policeboytoy296
SV_ClientNewClientState: newClientState 0 10
^1AI (entity 545, origin 544.4 -7.3 56.8) couldn't find path to goal.
^1AI (entity 540, origin -364.7 150.6 56.2) couldn't find path to goal.
^1AI (entity 544, origin 255.0 -172.7 56.2) couldn't find path to goal.
^1AI (entity 542, origin -658.4 1087.7 68.4) couldn't find path to goal.
^1AI (entity 550, origin -174.0 -52.0 54.8) couldn't find path to goal.
^1AI (entity 556, origin 562.9 -161.2 56.2) couldn't find path to goal.
^1AI (entity 563, origin 559.7 -202.1 56.8) couldn't find path to goal.
^1AI (entity 567, origin -332.8 225.6 57.1) couldn't find path to goal.
^1AI (entity 577, origin 75.0 -131.5 56.8) couldn't find path to goal.
^1AI (entity 570, origin 379.6 -97.3 56.8) couldn't find path to goal.
^1AI (entity 574, origin -248.2 -984.4 75.5) couldn't find path to goal.
^1AI (entity 574, origin -248.2 -984.4 75.5) couldn't find path to goal.
^1AI (entity 574, origin -248.2 -984.4 75.5) couldn't find path to goal.
^1AI (entity 574, origin -248.2 -984.4 75.5) couldn't find path to goal.
^1AI (entity 574, origin -248.2 -984.4 75.5) couldn't find path to goal.
^1AI (entity 574, origin -248.2 -984.4 75.5) couldn't find path to goal.
^1AI (entity 574, origin -248.2 -984.4 75.5) couldn't find path to goal.
^1AI (entity 574, origin -248.2 -984.4 75.5) couldn't find path to goal.
^1AI (entity 574, origin -248.2 -984.4 75.5) couldn't find path to goal.
^1AI (entity 568, origin -248.2 -984.4 75.5) couldn't find path to goal.
^1AI (entity 568, origin -248.2 -984.4 75.5) couldn't find path to goal.
^1AI (entity 580, origin -338.5 171.9 57.1) couldn't find path to goal.
^1AI (entity 568, origin -248.2 -984.4 75.5) couldn't find path to goal.
^1AI (entity 568, origin -248.2 -984.4 75.5) couldn't find path to goal.
^1AI (entity 568, origin -248.2 -984.4 75.5) couldn't find path to goal.
^1AI (entity 576, origin -6.8 273.2 56.2) couldn't find path to goal.
^1AI (entity 568, origin -248.2 -984.4 75.5) couldn't find path to goal.
^1AI (entity 568, origin -248.2 -984.4 75.5) couldn't find path to goal.
^1AI (entity 568, origin -248.2 -984.4 75.5) couldn't find path to goal.
^1AI (entity 568, origin -248.2 -984.4 75.5) couldn't find path to goal.
^1AI (entity 582, origin -96.4 141.7 56.2) couldn't find path to goal.
^1AI (entity 589, origin -111.7 107.5 56.2) couldn't find path to goal.
^1AI (entity 603, origin -16.5 -85.5 56.2) couldn't find path to goal.
^1AI (entity 550, origin 45.4 -214.6 56.8) couldn't find path to goal.
^1AI (entity 597, origin 107.3 -215.0 56.2) couldn't find path to goal.
^1AI (entity 591, origin 520.2 -151.9 57.1) couldn't find path to goal.
^1AI (entity 584, origin -658.4 1087.7 68.4) couldn't find path to goal.
^1AI (entity 601, origin -615.1 1163.6 68.7) couldn't find path to goal.
^1AI (entity 607, origin 121.0 -88.0 57.1) couldn't find path to goal.
^1AI (entity 553, origin 607.7 216.3 57.1) couldn't find path to goal.
^1AI (entity 604, origin 13.1 -23.7 57.1) couldn't find path to goal.
^1AI (entity 577, origin -248.2 -984.4 75.5) couldn't find path to goal.
^1AI (entity 577, origin -248.2 -984.4 75.5) couldn't find path to goal.
^1AI (entity 577, origin -248.2 -984.4 75.5) couldn't find path to goal.
^1AI (entity 577, origin -248.2 -984.4 75.5) couldn't find path to goal.
^1AI (entity 577, origin -248.2 -984.4 75.5) couldn't find path to goal.
^1AI (entity 577, origin -248.2 -984.4 75.5) couldn't find path to goal.
^1AI (entity 577, origin -248.2 -984.4 75.5) couldn't find path to goal.
^1AI (entity 577, origin -248.2 -984.4 75.5) couldn't find path to goal.
^1AI (entity 577, origin -248.2 -984.4 75.5) couldn't find path to goal.
^1AI (entity 592, origin -602.1 1081.6 69.0) couldn't find path to goal.
^1AI (entity 562, origin -546.1 1241.6 75.8) couldn't find path to goal.
^1AI (entity 554, origin 438.5 155.6 57.1) couldn't find path to goal.
^1AI (entity 560, origin -248.2 -984.4 75.5) couldn't find path to goal.
^1AI (entity 560, origin -248.2 -984.4 75.5) couldn't find path to goal.
^1AI (entity 560, origin -248.2 -984.4 75.5) couldn't find path to goal.
^1AI (entity 560, origin -248.2 -984.4 75.5) couldn't find path to goal.
^1AI (entity 560, origin -248.2 -984.4 75.5) couldn't find path to goal.
^1AI (entity 560, origin -248.2 -984.4 75.5) couldn't find path to goal.
^1AI (entity 560, origin -248.2 -984.4 75.5) couldn't find path to goal.
^1AI (entity 560, origin -248.2 -984.4 75.5) couldn't find path to goal.
^1AI (entity 559, origin 45.0 174.0 57.1) couldn't find path to goal.
^1AI (entity 560, origin -248.2 -984.4 75.5) couldn't find path to goal.
^1AI (entity 606, origin 167.4 -966.3 42.6) couldn't find path to goal.
^1AI (entity 603, origin -27.0 227.0 57.1) couldn't find path to goal.
^1AI (entity 561, origin -615.1 1163.6 68.7) couldn't find path to goal.
^1AI (entity 594, origin -173.2 -979.4 76.6) couldn't find path to goal.
^1AI (entity 595, origin -108.0 210.0 57.1) couldn't find path to goal.
^1AI (entity 562, origin 167.4 -966.3 42.6) couldn't find path to goal.
^1AI (entity 584, origin 512.7 226.7 55.3) couldn't find path to goal.
^1AI (entity 590, origin -615.1 1163.6 68.7) couldn't find path to goal.
^1AI (entity 570, origin -248.2 -984.4 75.5) couldn't find path to goal.
^1AI (entity 570, origin -248.2 -984.4 75.5) couldn't find path to goal.
^1AI (entity 570, origin -248.2 -984.4 75.5) couldn't find path to goal.
^1AI (entity 570, origin -248.2 -984.4 75.5) couldn't find path to goal.
^1AI (entity 570, origin -248.2 -984.4 75.5) couldn't find path to goal.
^1AI (entity 570, origin -248.2 -984.4 75.5) couldn't find path to goal.
^1AI (entity 570, origin -248.2 -984.4 75.5) couldn't find path to goal.
^1AI (entity 570, origin -248.2 -984.4 75.5) couldn't find path to goal.
^1AI (entity 557, origin 363.5 252.5 57.1) couldn't find path to goal.
^1AI (entity 570, origin -248.2 -984.4 75.5) couldn't find path to goal.
^1AI (entity 614, origin -904.6 -272.3 64.1) couldn't find path to goal.
^1AI (entity 551, origin -840.4 -92.8 64.1) couldn't find path to goal.
^1AI (entity 617, origin 250.8 251.1 57.1) couldn't find path to goal.
^1AI (entity 602, origin 139.4 -215.2 55.3) couldn't find path to goal.
^1AI (entity 542, origin 65.3 6.3 57.1) couldn't find path to goal.
^1AI (entity 546, origin -562.1 1153.6 68.6) couldn't find path to goal.
^1AI (entity 605, origin -602.1 1081.6 69.0) couldn't find path to goal.
^1AI (entity 595, origin 991.9 611.3 226.1) couldn't find path to goal.
^1AI (entity 595, origin 991.9 611.3 226.1) couldn't find path to goal.
^1AI (entity 615, origin 262.7 -134.2 57.1) couldn't find path to goal.
^1AI (entity 506, origin 931.6 328.7 226.1) couldn't find path to goal.
^1AI (entity 557, origin 180.7 153.3 55.3) couldn't find path to goal.
^1AI (entity 586, origin -980.6 -232.3 64.1) couldn't find path to goal.
^1AI (entity 542, origin 61.8 181.6 55.3) couldn't find path to goal.
^1AI (entity 586, origin -980.6 -232.3 64.1) couldn't find path to goal.
^1AI (entity 586, origin -980.6 -232.3 64.1) couldn't find path to goal.
^1AI (entity 544, origin 260.7 287.1 57.1) couldn't find path to goal.
^1AI (entity 544, origin 260.7 287.1 57.1) couldn't find path to goal.
^1AI (entity 135, origin 932.6 279.7 226.1) couldn't find path to goal.
^1AI (entity 611, origin 389.3 141.7 55.3) couldn't find path to goal.
^1AI (entity 611, origin 389.3 141.7 55.3) couldn't find path to goal.
^1AI (entity 580, origin 899.9 612.3 226.1) couldn't find path to goal.
^1AI (entity 623, origin 101.2 -37.3 57.1) couldn't find path to goal.
^1AI (entity 623, origin 101.2 -37.3 57.1) couldn't find path to goal.
^1AI (entity 623, origin 101.2 -37.3 57.1) couldn't find path to goal.
^1AI (entity 570, origin 11.8 -90.9 55.3) couldn't find path to goal.
^1AI (entity 623, origin 101.2 -37.3 57.1) couldn't find path to goal.
^1AI (entity 570, origin 11.8 -90.9 55.3) couldn't find path to goal.
^1AI (entity 623, origin 101.2 -37.3 57.1) couldn't find path to goal.
^1AI (entity 570, origin 11.8 -90.9 55.3) couldn't find path to goal.
^1AI (entity 623, origin 101.2 -37.3 57.1) couldn't find path to goal.
^1AI (entity 570, origin 11.8 -90.9 55.3) couldn't find path to goal.
^1AI (entity 623, origin 101.2 -37.3 57.1) couldn't find path to goal.
^1AI (entity 570, origin 11.8 -90.9 55.3) couldn't find path to goal.
^1AI (entity 623, origin 101.2 -37.3 57.1) couldn't find path to goal.
^1AI (entity 570, origin 11.8 -90.9 55.3) couldn't find path to goal.
^1AI (entity 570, origin 11.8 -90.9 55.3) couldn't find path to goal.
^1AI (entity 570, origin 11.8 -90.9 55.3) couldn't find path to goal.
^1AI (entity 582, origin 573.4 288.2 55.3) couldn't find path to goal.
^1AI (entity 582, origin 573.4 288.2 55.3) couldn't find path to goal.
^1AI (entity 582, origin 573.4 288.2 55.3) couldn't find path to goal.
^1AI (entity 582, origin 573.4 288.2 55.3) couldn't find path to goal.
^1AI (entity 582, origin 573.4 288.2 55.3) couldn't find path to goal.
^1AI (entity 581, origin -137.4 -5.0 53.3) couldn't find path to goal.
^1AI (entity 582, origin 573.4 288.2 55.3) couldn't find path to goal.
^1AI (entity 582, origin 573.4 288.2 55.3) couldn't find path to goal.
^1AI (entity 582, origin 573.4 288.2 55.3) couldn't find path to goal.
^1AI (entity 582, origin 573.4 288.2 55.3) couldn't find path to goal.
^1AI (entity 582, origin 573.4 288.2 55.3) couldn't find path to goal.
^1AI (entity 582, origin 573.4 288.2 55.3) couldn't find path to goal.
Going to CS_ZOMBIE from 4 for policeboytoy296
0:policeboytoy296 EXE_DISCONNECTED
Ending game as no players are left alive...
Going from CS_ZOMBIE to CS_FREE for client #0
Removing xuid 0 (clientNum 0) from session
Couldn't find  in the party list
^1AI (entity 552, origin 361.9 250.7 55.3) couldn't find path to goal.
^1AI (entity 552, origin 361.9 250.7 55.3) couldn't find path to goal.
^1AI (entity 552, origin 361.9 250.7 55.3) couldn't find path to goal.
^1AI (entity 552, origin 361.9 250.7 55.3) couldn't find path to goal.
^1AI (entity 552, origin 361.9 250.7 55.3) couldn't find path to goal.
^1AI (entity 552, origin 361.9 250.7 55.3) couldn't find path to goal.
^1AI (entity 552, origin 361.9 250.7 55.3) couldn't find path to goal.
^1AI (entity 552, origin 361.9 250.7 55.3) couldn't find path to goal.
^1AI (entity 552, origin 361.9 250.7 55.3) couldn't find path to goal.
^1AI (entity 552, origin 361.9 250.7 55.3) couldn't find path to goal.
^1AI (entity 552, origin 361.9 250.7 55.3) couldn't find path to goal.
^1AI (entity 552, origin 361.9 250.7 55.3) couldn't find path to goal.
^1AI (entity 552, origin 361.9 250.7 55.3) couldn't find path to goal.
^1AI (entity 552, origin 361.9 250.7 55.3) couldn't find path to goal.
^1AI (entity 552, origin 361.9 250.7 55.3) couldn't find path to goal.
^1AI (entity 552, origin 361.9 250.7 55.3) couldn't find path to goal.
^1AI (entity 552, origin 361.9 250.7 55.3) couldn't find path to goal.
^1AI (entity 552, origin 361.9 250.7 55.3) couldn't find path to goal.
^1AI (entity 552, origin 361.9 250.7 55.3) couldn't find path to goal.
^1AI (entity 552, origin 361.9 250.7 55.3) couldn't find path to goal.
^1AI (entity 552, origin 361.9 250.7 55.3) couldn't find path to goal.
^1AI (entity 552, origin 361.9 250.7 55.3) couldn't find path to goal.
^1AI (entity 552, origin 361.9 250.7 55.3) couldn't find path to goal.
^1AI (entity 552, origin 361.9 250.7 55.3) couldn't find path to goal.
^1AI (entity 552, origin 361.9 250.7 55.3) couldn't find path to goal.
^1AI (entity 552, origin 361.9 250.7 55.3) couldn't find path to goal.
^1AI (entity 552, origin 361.9 250.7 55.3) couldn't find path to goal.
^1AI (entity 552, origin 361.9 250.7 55.3) couldn't find path to goal.
^1AI (entity 552, origin 361.9 250.7 55.3) couldn't find path to goal.
^1AI (entity 552, origin 361.9 250.7 55.3) couldn't find path to goal.
^1AI (entity 552, origin 361.9 250.7 55.3) couldn't find path to goal.
^1AI (entity 552, origin 361.9 250.7 55.3) couldn't find path to goal.
