  0:00 ------------------------------------------------------------
  0:00 InitGame:
  0:54 J;4493857;0;policeboytoy296
  1:12 Q;4493857;0;policeboytoy296
  0:00 ------------------------------------------------------------
  0:00 InitGame:
  0:01 J;4493857;0;policeboytoy296
  0:18 ExitLevel: executed
  0:18 ShutdownGame:
  0:18 ------------------------------------------------------------
  0:00 ------------------------------------------------------------
  0:00 InitGame:
  0:49 J;4493857;0;policeboytoy296
  9:10 Q;4493857;0;policeboytoy296
  0:00 ------------------------------------------------------------
  0:00 InitGame:
  0:48 J;4493857;0;policeboytoy296
  1:23 Q;4493857;0;policeboytoy296
  0:00 ------------------------------------------------------------
  0:00 InitGame:
  0:51 J;4493857;0;policeboytoy296
  1:20 Q;4493857;0;policeboytoy296
  0:00 ------------------------------------------------------------
  0:00 InitGame:
  0:52 J;4493857;0;policeboytoy296
  1:17 Q;4493857;0;policeboytoy296
204:09 J;4493894;0;feliphine
205:02 Q;4493894;0;feliphine
  0:00 ------------------------------------------------------------
  0:00 InitGame:
  1:01 J;4493857;0;policeboytoy296
  2:54 J;4493894;1;feliphine
  5:16 Q;4493894;1;feliphine
  6:43 J;4493894;1;feliphine
 13:21 Q;4493894;1;feliphine
 13:48 Q;4493857;0;policeboytoy296
  0:00 ------------------------------------------------------------
  0:00 InitGame:
  0:54 J;4493857;0;policeboytoy296
  1:40 Q;4493857;0;policeboytoy296
  0:00 ------------------------------------------------------------
  0:00 InitGame:
  0:49 J;4493857;0;policeboytoy296
  1:13 Q;4493857;0;policeboytoy296
  0:00 ------------------------------------------------------------
  0:00 InitGame:
  2:18 J;4493857;0;policeboytoy296
 14:08 Q;4493857;0;policeboytoy296
